2026-04-15T16:49:18.808+05:30  INFO 1328 --- [brewery-pms] [main] org.example.BreweryPmsApplication        : Starting BreweryPmsApplication using Java 21.0.10 with PID 1328 (C:\Users\DELL\AppData\Local\Brewery-PMS-BE\gradle-build\classes\java\main started by DELL in C:\Users\DELL\OneDrive\Desktop\java\springBoot\Brewery-PMS-BE)
2026-04-15T16:49:18.830+05:30  INFO 1328 --- [brewery-pms] [main] org.example.BreweryPmsApplication        : No active profile set, falling back to 1 default profile: "default"
2026-04-15T16:49:21.045+05:30  INFO 1328 --- [brewery-pms] [main] .s.d.r.c.RepositoryConfigurationDelegate : Bootstrapping Spring Data JPA repositories in DEFAULT mode.
2026-04-15T16:49:21.204+05:30  INFO 1328 --- [brewery-pms] [main] .s.d.r.c.RepositoryConfigurationDelegate : Finished Spring Data repository scanning in 143 ms. Found 16 JPA repository interfaces.
2026-04-15T16:49:22.528+05:30  INFO 1328 --- [brewery-pms] [main] o.s.b.w.embedded.tomcat.TomcatWebServer  : Tomcat initialized with port 8080 (http)
2026-04-15T16:49:22.543+05:30  INFO 1328 --- [brewery-pms] [main] o.apache.catalina.core.StandardService   : Starting service [Tomcat]
2026-04-15T16:49:22.544+05:30  INFO 1328 --- [brewery-pms] [main] o.apache.catalina.core.StandardEngine    : Starting Servlet engine: [Apache Tomcat/10.1.16]
2026-04-15T16:49:22.747+05:30  INFO 1328 --- [brewery-pms] [main] o.a.c.c.C.[Tomcat].[localhost].[/]       : Initializing Spring embedded WebApplicationContext
2026-04-15T16:49:22.748+05:30  INFO 1328 --- [brewery-pms] [main] w.s.c.ServletWebServerApplicationContext : Root WebApplicationContext: initialization completed in 3808 ms
2026-04-15T16:49:23.230+05:30  INFO 1328 --- [brewery-pms] [main] o.hibernate.jpa.internal.util.LogHelper  : HHH000204: Processing PersistenceUnitInfo [name: default]
2026-04-15T16:49:23.346+05:30  INFO 1328 --- [brewery-pms] [main] org.hibernate.Version                    : HHH000412: Hibernate ORM core version 6.3.1.Final
2026-04-15T16:49:23.414+05:30  INFO 1328 --- [brewery-pms] [main] o.h.c.internal.RegionFactoryInitiator    : HHH000026: Second-level cache disabled
2026-04-15T16:49:23.797+05:30  INFO 1328 --- [brewery-pms] [main] o.s.o.j.p.SpringPersistenceUnitInfo      : No LoadTimeWeaver setup: ignoring JPA class transformer
2026-04-15T16:49:23.831+05:30  INFO 1328 --- [brewery-pms] [main] com.zaxxer.hikari.HikariDataSource       : HikariPool-1 - Starting...
2026-04-15T16:49:24.149+05:30  INFO 1328 --- [brewery-pms] [main] com.zaxxer.hikari.pool.HikariPool        : HikariPool-1 - Added connection com.mysql.cj.jdbc.ConnectionImpl@608b906d
2026-04-15T16:49:24.153+05:30  INFO 1328 --- [brewery-pms] [main] com.zaxxer.hikari.HikariDataSource       : HikariPool-1 - Start completed.
2026-04-15T16:49:24.256+05:30  WARN 1328 --- [brewery-pms] [main] org.hibernate.orm.deprecation            : HHH90000025: MySQLDialect does not need to be specified explicitly using 'hibernate.dialect' (remove the property setting and it will be selected by default)
2026-04-15T16:49:26.393+05:30  INFO 1328 --- [brewery-pms] [main] o.h.e.t.j.p.i.JtaPlatformInitiator       : HHH000489: No JTA platform available (set 'hibernate.transaction.jta.platform' to enable JTA platform integration)
2026-04-15T16:49:26.682+05:30  INFO 1328 --- [brewery-pms] [main] j.LocalContainerEntityManagerFactoryBean : Initialized JPA EntityManagerFactory for persistence unit 'default'
2026-04-15T16:49:27.287+05:30  INFO 1328 --- [brewery-pms] [main] o.s.d.j.r.query.QueryEnhancerFactory     : Hibernate is in classpath; If applicable, HQL parser will be used.
2026-04-15T16:49:30.715+05:30  INFO 1328 --- [brewery-pms] [main] o.s.b.a.e.web.EndpointLinksResolver      : Exposing 2 endpoint(s) beneath base path '/actuator'
2026-04-15T16:49:30.835+05:30  INFO 1328 --- [brewery-pms] [main] o.s.b.w.embedded.tomcat.TomcatWebServer  : Tomcat started on port 8080 (http) with context path ''
2026-04-15T16:49:30.848+05:30  INFO 1328 --- [brewery-pms] [main] org.example.BreweryPmsApplication        : Started BreweryPmsApplication in 12.702 seconds (process running for 14.0)
2026-04-15T16:49:30.984+05:30  INFO 1328 --- [brewery-pms] [main] o.e.config.DatabaseStartupDiagnostics    : Active profile(s): default
2026-04-15T16:49:30.984+05:30  INFO 1328 --- [brewery-pms] [main] o.e.config.DatabaseStartupDiagnostics    : Configured datasource URL: jdbc:mysql://localhost:3306/brewery_pms?createDatabaseIfNotExist=true&useSSL=false&serverTimezone=UTC&allowPublicKeyRetrieval=true
2026-04-15T16:49:30.985+05:30  INFO 1328 --- [brewery-pms] [main] o.e.config.DatabaseStartupDiagnostics    : Database connectivity check passed.
2026-04-15T16:49:49.310+05:30  INFO 1328 --- [brewery-pms] [http-nio-8080-exec-1] o.a.c.c.C.[Tomcat].[localhost].[/]       : Initializing Spring DispatcherServlet 'dispatcherServlet'
2026-04-15T16:49:49.313+05:30  INFO 1328 --- [brewery-pms] [http-nio-8080-exec-1] o.s.web.servlet.DispatcherServlet        : Initializing Servlet 'dispatcherServlet'
2026-04-15T16:49:49.318+05:30  INFO 1328 --- [brewery-pms] [http-nio-8080-exec-1] o.s.web.servlet.DispatcherServlet        : Completed initialization in 5 ms
2026-04-15T17:23:56.675+05:30  INFO 15380 --- [brewery-pms] [main] org.example.BreweryPmsApplication        : Starting BreweryPmsApplication using Java 21.0.10 with PID 15380 (C:\Users\DELL\AppData\Local\Brewery-PMS-BE\gradle-build\classes\java\main started by DELL in C:\Users\DELL\OneDrive\Desktop\java\springBoot\Brewery-PMS-BE)
2026-04-15T17:23:56.679+05:30  INFO 15380 --- [brewery-pms] [main] org.example.BreweryPmsApplication        : No active profile set, falling back to 1 default profile: "default"
2026-04-15T17:23:58.944+05:30  INFO 15380 --- [brewery-pms] [main] .s.d.r.c.RepositoryConfigurationDelegate : Bootstrapping Spring Data JPA repositories in DEFAULT mode.
2026-04-15T17:23:59.107+05:30  INFO 15380 --- [brewery-pms] [main] .s.d.r.c.RepositoryConfigurationDelegate : Finished Spring Data repository scanning in 149 ms. Found 16 JPA repository interfaces.
2026-04-15T17:24:02.272+05:30  INFO 15380 --- [brewery-pms] [main] o.s.b.w.embedded.tomcat.TomcatWebServer  : Tomcat initialized with port 8080 (http)
2026-04-15T17:24:02.293+05:30  INFO 15380 --- [brewery-pms] [main] o.apache.catalina.core.StandardService   : Starting service [Tomcat]
2026-04-15T17:24:02.294+05:30  INFO 15380 --- [brewery-pms] [main] o.apache.catalina.core.StandardEngine    : Starting Servlet engine: [Apache Tomcat/10.1.16]
2026-04-15T17:24:02.458+05:30  INFO 15380 --- [brewery-pms] [main] o.a.c.c.C.[Tomcat].[localhost].[/]       : Initializing Spring embedded WebApplicationContext
2026-04-15T17:24:02.459+05:30  INFO 15380 --- [brewery-pms] [main] w.s.c.ServletWebServerApplicationContext : Root WebApplicationContext: initialization completed in 5689 ms
2026-04-15T17:24:03.293+05:30  INFO 15380 --- [brewery-pms] [main] o.hibernate.jpa.internal.util.LogHelper  : HHH000204: Processing PersistenceUnitInfo [name: default]
2026-04-15T17:24:03.509+05:30  INFO 15380 --- [brewery-pms] [main] org.hibernate.Version                    : HHH000412: Hibernate ORM core version 6.3.1.Final
2026-04-15T17:24:03.609+05:30  INFO 15380 --- [brewery-pms] [main] o.h.c.internal.RegionFactoryInitiator    : HHH000026: Second-level cache disabled
2026-04-15T17:24:04.477+05:30  INFO 15380 --- [brewery-pms] [main] o.s.o.j.p.SpringPersistenceUnitInfo      : No LoadTimeWeaver setup: ignoring JPA class transformer
2026-04-15T17:24:04.575+05:30  INFO 15380 --- [brewery-pms] [main] com.zaxxer.hikari.HikariDataSource       : HikariPool-1 - Starting...
2026-04-15T17:24:05.058+05:30  INFO 15380 --- [brewery-pms] [main] com.zaxxer.hikari.pool.HikariPool        : HikariPool-1 - Added connection com.mysql.cj.jdbc.ConnectionImpl@76b642aa
2026-04-15T17:24:05.066+05:30  INFO 15380 --- [brewery-pms] [main] com.zaxxer.hikari.HikariDataSource       : HikariPool-1 - Start completed.
2026-04-15T17:24:05.236+05:30  WARN 15380 --- [brewery-pms] [main] org.hibernate.orm.deprecation            : HHH90000025: MySQLDialect does not need to be specified explicitly using 'hibernate.dialect' (remove the property setting and it will be selected by default)
2026-04-15T17:24:08.502+05:30  INFO 15380 --- [brewery-pms] [main] o.h.e.t.j.p.i.JtaPlatformInitiator       : HHH000489: No JTA platform available (set 'hibernate.transaction.jta.platform' to enable JTA platform integration)
2026-04-15T17:24:08.726+05:30  INFO 15380 --- [brewery-pms] [main] j.LocalContainerEntityManagerFactoryBean : Initialized JPA EntityManagerFactory for persistence unit 'default'
2026-04-15T17:24:10.009+05:30  INFO 15380 --- [brewery-pms] [main] o.s.d.j.r.query.QueryEnhancerFactory     : Hibernate is in classpath; If applicable, HQL parser will be used.
2026-04-15T17:24:16.256+05:30  INFO 15380 --- [brewery-pms] [main] o.s.b.a.e.web.EndpointLinksResolver      : Exposing 2 endpoint(s) beneath base path '/actuator'
2026-04-15T17:24:16.435+05:30  INFO 15380 --- [brewery-pms] [main] o.s.b.w.embedded.tomcat.TomcatWebServer  : Tomcat started on port 8080 (http) with context path ''
2026-04-15T17:24:16.454+05:30  INFO 15380 --- [brewery-pms] [main] org.example.BreweryPmsApplication        : Started BreweryPmsApplication in 20.81 seconds (process running for 21.867)
2026-04-15T17:24:16.616+05:30  INFO 15380 --- [brewery-pms] [main] o.e.config.DatabaseStartupDiagnostics    : Active profile(s): default
2026-04-15T17:24:16.617+05:30  INFO 15380 --- [brewery-pms] [main] o.e.config.DatabaseStartupDiagnostics    : Configured datasource URL: jdbc:mysql://localhost:3306/brewery_pms?createDatabaseIfNotExist=true&useSSL=false&serverTimezone=UTC&allowPublicKeyRetrieval=true
2026-04-15T17:24:16.618+05:30  INFO 15380 --- [brewery-pms] [main] o.e.config.DatabaseStartupDiagnostics    : Database connectivity check passed.
2026-04-15T17:24:48.025+05:30  INFO 15380 --- [brewery-pms] [http-nio-8080-exec-1] o.a.c.c.C.[Tomcat].[localhost].[/]       : Initializing Spring DispatcherServlet 'dispatcherServlet'
2026-04-15T17:24:48.032+05:30  INFO 15380 --- [brewery-pms] [http-nio-8080-exec-1] o.s.web.servlet.DispatcherServlet        : Initializing Servlet 'dispatcherServlet'
2026-04-15T17:24:48.036+05:30  INFO 15380 --- [brewery-pms] [http-nio-8080-exec-1] o.s.web.servlet.DispatcherServlet        : Completed initialization in 4 ms
2026-04-15T17:42:41.137+05:30  INFO 15900 --- [brewery-pms] [main] org.example.BreweryPmsApplication        : Starting BreweryPmsApplication using Java 21.0.10 with PID 15900 (C:\Users\DELL\AppData\Local\Brewery-PMS-BE\gradle-build\classes\java\main started by DELL in C:\Users\DELL\OneDrive\Desktop\java\springBoot\Brewery-PMS-BE)
2026-04-15T17:42:41.141+05:30  INFO 15900 --- [brewery-pms] [main] org.example.BreweryPmsApplication        : No active profile set, falling back to 1 default profile: "default"
2026-04-15T17:42:43.020+05:30  INFO 15900 --- [brewery-pms] [main] .s.d.r.c.RepositoryConfigurationDelegate : Bootstrapping Spring Data JPA repositories in DEFAULT mode.
2026-04-15T17:42:43.139+05:30  INFO 15900 --- [brewery-pms] [main] .s.d.r.c.RepositoryConfigurationDelegate : Finished Spring Data repository scanning in 110 ms. Found 16 JPA repository interfaces.
2026-04-15T17:42:44.629+05:30  INFO 15900 --- [brewery-pms] [main] o.s.b.w.embedded.tomcat.TomcatWebServer  : Tomcat initialized with port 8080 (http)
2026-04-15T17:42:44.644+05:30  INFO 15900 --- [brewery-pms] [main] o.apache.catalina.core.StandardService   : Starting service [Tomcat]
2026-04-15T17:42:44.645+05:30  INFO 15900 --- [brewery-pms] [main] o.apache.catalina.core.StandardEngine    : Starting Servlet engine: [Apache Tomcat/10.1.16]
2026-04-15T17:42:44.776+05:30  INFO 15900 --- [brewery-pms] [main] o.a.c.c.C.[Tomcat].[localhost].[/]       : Initializing Spring embedded WebApplicationContext
2026-04-15T17:42:44.777+05:30  INFO 15900 --- [brewery-pms] [main] w.s.c.ServletWebServerApplicationContext : Root WebApplicationContext: initialization completed in 3554 ms
2026-04-15T17:42:45.362+05:30  INFO 15900 --- [brewery-pms] [main] o.hibernate.jpa.internal.util.LogHelper  : HHH000204: Processing PersistenceUnitInfo [name: default]
2026-04-15T17:42:45.547+05:30  INFO 15900 --- [brewery-pms] [main] org.hibernate.Version                    : HHH000412: Hibernate ORM core version 6.3.1.Final
2026-04-15T17:42:45.642+05:30  INFO 15900 --- [brewery-pms] [main] o.h.c.internal.RegionFactoryInitiator    : HHH000026: Second-level cache disabled
2026-04-15T17:42:46.210+05:30  INFO 15900 --- [brewery-pms] [main] o.s.o.j.p.SpringPersistenceUnitInfo      : No LoadTimeWeaver setup: ignoring JPA class transformer
2026-04-15T17:42:46.265+05:30  INFO 15900 --- [brewery-pms] [main] com.zaxxer.hikari.HikariDataSource       : HikariPool-1 - Starting...
2026-04-15T17:42:46.555+05:30  INFO 15900 --- [brewery-pms] [main] com.zaxxer.hikari.pool.HikariPool        : HikariPool-1 - Added connection com.mysql.cj.jdbc.ConnectionImpl@b4d83ac
2026-04-15T17:42:46.558+05:30  INFO 15900 --- [brewery-pms] [main] com.zaxxer.hikari.HikariDataSource       : HikariPool-1 - Start completed.
2026-04-15T17:42:46.640+05:30  WARN 15900 --- [brewery-pms] [main] org.hibernate.orm.deprecation            : HHH90000025: MySQLDialect does not need to be specified explicitly using 'hibernate.dialect' (remove the property setting and it will be selected by default)
2026-04-15T17:42:48.270+05:30  INFO 15900 --- [brewery-pms] [main] o.h.e.t.j.p.i.JtaPlatformInitiator       : HHH000489: No JTA platform available (set 'hibernate.transaction.jta.platform' to enable JTA platform integration)
2026-04-15T17:42:48.510+05:30  INFO 15900 --- [brewery-pms] [main] j.LocalContainerEntityManagerFactoryBean : Initialized JPA EntityManagerFactory for persistence unit 'default'
2026-04-15T17:42:49.022+05:30  INFO 15900 --- [brewery-pms] [main] o.s.d.j.r.query.QueryEnhancerFactory     : Hibernate is in classpath; If applicable, HQL parser will be used.
2026-04-15T17:42:52.186+05:30  INFO 15900 --- [brewery-pms] [main] o.s.b.a.e.web.EndpointLinksResolver      : Exposing 2 endpoint(s) beneath base path '/actuator'
2026-04-15T17:42:52.310+05:30  INFO 15900 --- [brewery-pms] [main] o.s.b.w.embedded.tomcat.TomcatWebServer  : Tomcat started on port 8080 (http) with context path ''
2026-04-15T17:42:52.334+05:30  INFO 15900 --- [brewery-pms] [main] org.example.BreweryPmsApplication        : Started BreweryPmsApplication in 11.885 seconds (process running for 12.523)
2026-04-15T17:42:52.525+05:30  INFO 15900 --- [brewery-pms] [main] o.e.config.DatabaseStartupDiagnostics    : Active profile(s): default
2026-04-15T17:42:52.525+05:30  INFO 15900 --- [brewery-pms] [main] o.e.config.DatabaseStartupDiagnostics    : Configured datasource URL: jdbc:mysql://localhost:3306/brewery_pms?createDatabaseIfNotExist=true&useSSL=false&serverTimezone=UTC&allowPublicKeyRetrieval=true
2026-04-15T17:42:52.526+05:30  INFO 15900 --- [brewery-pms] [main] o.e.config.DatabaseStartupDiagnostics    : Database connectivity check passed.
2026-04-15T17:42:57.316+05:30  INFO 15900 --- [brewery-pms] [http-nio-8080-exec-6] o.a.c.c.C.[Tomcat].[localhost].[/]       : Initializing Spring DispatcherServlet 'dispatcherServlet'
2026-04-15T17:42:57.317+05:30  INFO 15900 --- [brewery-pms] [http-nio-8080-exec-6] o.s.web.servlet.DispatcherServlet        : Initializing Servlet 'dispatcherServlet'
2026-04-15T17:42:57.319+05:30  INFO 15900 --- [brewery-pms] [http-nio-8080-exec-6] o.s.web.servlet.DispatcherServlet        : Completed initialization in 2 ms
2026-04-15T17:47:36.694+05:30  INFO 12972 --- [brewery-pms] [main] org.example.BreweryPmsApplication        : Starting BreweryPmsApplication using Java 21.0.10 with PID 12972 (C:\Users\DELL\AppData\Local\Brewery-PMS-BE\gradle-build\classes\java\main started by DELL in C:\Users\DELL\OneDrive\Desktop\java\springBoot\Brewery-PMS-BE)
2026-04-15T17:47:36.698+05:30  INFO 12972 --- [brewery-pms] [main] org.example.BreweryPmsApplication        : No active profile set, falling back to 1 default profile: "default"
2026-04-15T17:47:38.692+05:30  INFO 12972 --- [brewery-pms] [main] .s.d.r.c.RepositoryConfigurationDelegate : Bootstrapping Spring Data JPA repositories in DEFAULT mode.
2026-04-15T17:47:38.922+05:30  INFO 12972 --- [brewery-pms] [main] .s.d.r.c.RepositoryConfigurationDelegate : Finished Spring Data repository scanning in 217 ms. Found 16 JPA repository interfaces.
2026-04-15T17:47:40.027+05:30  INFO 12972 --- [brewery-pms] [main] o.s.b.w.embedded.tomcat.TomcatWebServer  : Tomcat initialized with port 8080 (http)
2026-04-15T17:47:40.039+05:30  INFO 12972 --- [brewery-pms] [main] o.apache.catalina.core.StandardService   : Starting service [Tomcat]
2026-04-15T17:47:40.040+05:30  INFO 12972 --- [brewery-pms] [main] o.apache.catalina.core.StandardEngine    : Starting Servlet engine: [Apache Tomcat/10.1.16]
2026-04-15T17:47:40.157+05:30  INFO 12972 --- [brewery-pms] [main] o.a.c.c.C.[Tomcat].[localhost].[/]       : Initializing Spring embedded WebApplicationContext
2026-04-15T17:47:40.158+05:30  INFO 12972 --- [brewery-pms] [main] w.s.c.ServletWebServerApplicationContext : Root WebApplicationContext: initialization completed in 3382 ms
2026-04-15T17:47:40.613+05:30  INFO 12972 --- [brewery-pms] [main] o.hibernate.jpa.internal.util.LogHelper  : HHH000204: Processing PersistenceUnitInfo [name: default]
2026-04-15T17:47:40.722+05:30  INFO 12972 --- [brewery-pms] [main] org.hibernate.Version                    : HHH000412: Hibernate ORM core version 6.3.1.Final
2026-04-15T17:47:40.767+05:30  INFO 12972 --- [brewery-pms] [main] o.h.c.internal.RegionFactoryInitiator    : HHH000026: Second-level cache disabled
2026-04-15T17:47:41.065+05:30  INFO 12972 --- [brewery-pms] [main] o.s.o.j.p.SpringPersistenceUnitInfo      : No LoadTimeWeaver setup: ignoring JPA class transformer
2026-04-15T17:47:41.093+05:30  INFO 12972 --- [brewery-pms] [main] com.zaxxer.hikari.HikariDataSource       : HikariPool-1 - Starting...
2026-04-15T17:47:41.287+05:30  INFO 12972 --- [brewery-pms] [main] com.zaxxer.hikari.pool.HikariPool        : HikariPool-1 - Added connection com.mysql.cj.jdbc.ConnectionImpl@76b642aa
2026-04-15T17:47:41.290+05:30  INFO 12972 --- [brewery-pms] [main] com.zaxxer.hikari.HikariDataSource       : HikariPool-1 - Start completed.
2026-04-15T17:47:41.346+05:30  WARN 12972 --- [brewery-pms] [main] org.hibernate.orm.deprecation            : HHH90000025: MySQLDialect does not need to be specified explicitly using 'hibernate.dialect' (remove the property setting and it will be selected by default)
2026-04-15T17:47:43.077+05:30  INFO 12972 --- [brewery-pms] [main] o.h.e.t.j.p.i.JtaPlatformInitiator       : HHH000489: No JTA platform available (set 'hibernate.transaction.jta.platform' to enable JTA platform integration)
2026-04-15T17:47:43.265+05:30  INFO 12972 --- [brewery-pms] [main] j.LocalContainerEntityManagerFactoryBean : Initialized JPA EntityManagerFactory for persistence unit 'default'
2026-04-15T17:47:44.200+05:30  INFO 12972 --- [brewery-pms] [main] o.s.d.j.r.query.QueryEnhancerFactory     : Hibernate is in classpath; If applicable, HQL parser will be used.
2026-04-15T17:47:47.224+05:30  INFO 12972 --- [brewery-pms] [main] o.s.b.a.e.web.EndpointLinksResolver      : Exposing 2 endpoint(s) beneath base path '/actuator'
2026-04-15T17:47:47.346+05:30  INFO 12972 --- [brewery-pms] [main] o.s.b.w.embedded.tomcat.TomcatWebServer  : Tomcat started on port 8080 (http) with context path ''
2026-04-15T17:47:47.361+05:30  INFO 12972 --- [brewery-pms] [main] org.example.BreweryPmsApplication        : Started BreweryPmsApplication in 11.347 seconds (process running for 11.976)
2026-04-15T17:47:47.494+05:30  INFO 12972 --- [brewery-pms] [main] o.e.config.DatabaseStartupDiagnostics    : Active profile(s): default
2026-04-15T17:47:47.495+05:30  INFO 12972 --- [brewery-pms] [main] o.e.config.DatabaseStartupDiagnostics    : Configured datasource URL: jdbc:mysql://localhost:3306/brewery_pms?createDatabaseIfNotExist=true&useSSL=false&serverTimezone=UTC&allowPublicKeyRetrieval=true
2026-04-15T17:47:47.495+05:30  INFO 12972 --- [brewery-pms] [main] o.e.config.DatabaseStartupDiagnostics    : Database connectivity check passed.
2026-04-15T17:47:58.255+05:30  INFO 12972 --- [brewery-pms] [http-nio-8080-exec-1] o.a.c.c.C.[Tomcat].[localhost].[/]       : Initializing Spring DispatcherServlet 'dispatcherServlet'
2026-04-15T17:47:58.256+05:30  INFO 12972 --- [brewery-pms] [http-nio-8080-exec-1] o.s.web.servlet.DispatcherServlet        : Initializing Servlet 'dispatcherServlet'
2026-04-15T17:47:58.258+05:30  INFO 12972 --- [brewery-pms] [http-nio-8080-exec-1] o.s.web.servlet.DispatcherServlet        : Completed initialization in 2 ms
2026-04-15T17:53:32.720+05:30  INFO 13392 --- [brewery-pms] [main] org.example.BreweryPmsApplication        : Starting BreweryPmsApplication using Java 21.0.10 with PID 13392 (C:\Users\DELL\AppData\Local\Brewery-PMS-BE\gradle-build\classes\java\main started by DELL in C:\Users\DELL\OneDrive\Desktop\java\springBoot\Brewery-PMS-BE)
2026-04-15T17:53:32.723+05:30  INFO 13392 --- [brewery-pms] [main] org.example.BreweryPmsApplication        : No active profile set, falling back to 1 default profile: "default"
2026-04-15T17:53:34.204+05:30  INFO 13392 --- [brewery-pms] [main] .s.d.r.c.RepositoryConfigurationDelegate : Bootstrapping Spring Data JPA repositories in DEFAULT mode.
2026-04-15T17:53:34.487+05:30  INFO 13392 --- [brewery-pms] [main] .s.d.r.c.RepositoryConfigurationDelegate : Finished Spring Data repository scanning in 244 ms. Found 16 JPA repository interfaces.
2026-04-15T17:53:35.464+05:30  INFO 13392 --- [brewery-pms] [main] o.s.b.w.embedded.tomcat.TomcatWebServer  : Tomcat initialized with port 8080 (http)
2026-04-15T17:53:35.477+05:30  INFO 13392 --- [brewery-pms] [main] o.apache.catalina.core.StandardService   : Starting service [Tomcat]
2026-04-15T17:53:35.478+05:30  INFO 13392 --- [brewery-pms] [main] o.apache.catalina.core.StandardEngine    : Starting Servlet engine: [Apache Tomcat/10.1.16]
2026-04-15T17:53:35.591+05:30  INFO 13392 --- [brewery-pms] [main] o.a.c.c.C.[Tomcat].[localhost].[/]       : Initializing Spring embedded WebApplicationContext
2026-04-15T17:53:35.591+05:30  INFO 13392 --- [brewery-pms] [main] w.s.c.ServletWebServerApplicationContext : Root WebApplicationContext: initialization completed in 2801 ms
2026-04-15T17:53:36.054+05:30  INFO 13392 --- [brewery-pms] [main] o.hibernate.jpa.internal.util.LogHelper  : HHH000204: Processing PersistenceUnitInfo [name: default]
2026-04-15T17:53:36.157+05:30  INFO 13392 --- [brewery-pms] [main] org.hibernate.Version                    : HHH000412: Hibernate ORM core version 6.3.1.Final
2026-04-15T17:53:36.211+05:30  INFO 13392 --- [brewery-pms] [main] o.h.c.internal.RegionFactoryInitiator    : HHH000026: Second-level cache disabled
2026-04-15T17:53:36.537+05:30  INFO 13392 --- [brewery-pms] [main] o.s.o.j.p.SpringPersistenceUnitInfo      : No LoadTimeWeaver setup: ignoring JPA class transformer
2026-04-15T17:53:36.567+05:30  INFO 13392 --- [brewery-pms] [main] com.zaxxer.hikari.HikariDataSource       : HikariPool-1 - Starting...
2026-04-15T17:53:36.774+05:30  INFO 13392 --- [brewery-pms] [main] com.zaxxer.hikari.pool.HikariPool        : HikariPool-1 - Added connection com.mysql.cj.jdbc.ConnectionImpl@6866e740
2026-04-15T17:53:36.776+05:30  INFO 13392 --- [brewery-pms] [main] com.zaxxer.hikari.HikariDataSource       : HikariPool-1 - Start completed.
2026-04-15T17:53:36.833+05:30  WARN 13392 --- [brewery-pms] [main] org.hibernate.orm.deprecation            : HHH90000025: MySQLDialect does not need to be specified explicitly using 'hibernate.dialect' (remove the property setting and it will be selected by default)
2026-04-15T17:53:38.384+05:30  INFO 13392 --- [brewery-pms] [main] o.h.e.t.j.p.i.JtaPlatformInitiator       : HHH000489: No JTA platform available (set 'hibernate.transaction.jta.platform' to enable JTA platform integration)
2026-04-15T17:53:38.498+05:30  INFO 13392 --- [brewery-pms] [main] j.LocalContainerEntityManagerFactoryBean : Initialized JPA EntityManagerFactory for persistence unit 'default'
2026-04-15T17:53:38.976+05:30  INFO 13392 --- [brewery-pms] [main] o.s.d.j.r.query.QueryEnhancerFactory     : Hibernate is in classpath; If applicable, HQL parser will be used.
2026-04-15T17:53:42.630+05:30  INFO 13392 --- [brewery-pms] [main] o.s.b.a.e.web.EndpointLinksResolver      : Exposing 2 endpoint(s) beneath base path '/actuator'
2026-04-15T17:53:42.756+05:30  INFO 13392 --- [brewery-pms] [main] o.s.b.w.embedded.tomcat.TomcatWebServer  : Tomcat started on port 8080 (http) with context path ''
2026-04-15T17:53:42.773+05:30  INFO 13392 --- [brewery-pms] [main] org.example.BreweryPmsApplication        : Started BreweryPmsApplication in 10.651 seconds (process running for 11.128)
2026-04-15T17:53:42.858+05:30  INFO 13392 --- [brewery-pms] [main] o.e.config.DatabaseStartupDiagnostics    : Active profile(s): default
2026-04-15T17:53:42.860+05:30  INFO 13392 --- [brewery-pms] [main] o.e.config.DatabaseStartupDiagnostics    : Configured datasource URL: jdbc:mysql://localhost:3306/brewery_pms?createDatabaseIfNotExist=true&useSSL=false&serverTimezone=UTC&allowPublicKeyRetrieval=true
2026-04-15T17:53:42.862+05:30  INFO 13392 --- [brewery-pms] [main] o.e.config.DatabaseStartupDiagnostics    : Database connectivity check passed.
2026-04-15T17:53:47.272+05:30  INFO 13392 --- [brewery-pms] [http-nio-8080-exec-1] o.a.c.c.C.[Tomcat].[localhost].[/]       : Initializing Spring DispatcherServlet 'dispatcherServlet'
2026-04-15T17:53:47.273+05:30  INFO 13392 --- [brewery-pms] [http-nio-8080-exec-1] o.s.web.servlet.DispatcherServlet        : Initializing Servlet 'dispatcherServlet'
2026-04-15T17:53:47.275+05:30  INFO 13392 --- [brewery-pms] [http-nio-8080-exec-1] o.s.web.servlet.DispatcherServlet        : Completed initialization in 2 ms
